<?xml version="1.0" encoding="UTF-8"?>
<testsuite name="Tapestry JMX Integration Tests" failures="0" tests="1" time="0.042" errors="0">
  <properties/>
  <testcase name="@BeforeTest startup" time="0.0" classname="org.apache.tapestry5.test.SeleniumLauncher">
    <failure type="org.testng.TestNGException" message="
Method startup requires 7 parameters but 5 were supplied in the @Configuration annotation.">
      <![CDATA[org.testng.TestNGException: 
Method startup requires 7 parameters but 5 were supplied in the @Configuration annotation.
... Removed 17 stack frames]]>
    </failure>
  </testcase>
  <testcase name="@BeforeMethod indicateTestMethodName" time="0.0" classname="org.apache.tapestry5.jmx.integration.TapestryJmxIntegrationTests">
    <failure type="java.lang.NullPointerException">
      <![CDATA[java.lang.NullPointerException
	at org.apache.tapestry5.test.SeleniumTestCase.indicateTestMethodName(SeleniumTestCase.java:97)
... Removed 24 stack frames]]>
    </failure>
  </testcase>
  <testcase name="@AfterMethod cleanupTestMethod" time="0.0" classname="org.apache.tapestry5.jmx.integration.TapestryJmxIntegrationTests">
    <skipped/>
  </testcase>
  <testcase name="@AfterClass cleanup" time="0.0" classname="org.apache.tapestry5.jmx.integration.TapestryJmxIntegrationTests">
    <skipped/>
  </testcase>
  <testcase name="@AfterTest cleanup" time="0.0" classname="org.apache.tapestry5.test.SeleniumLauncher">
    <skipped/>
  </testcase>
  <testcase name="remote_pool_management" time="0.0040" classname="org.apache.tapestry5.jmx.integration.TapestryJmxIntegrationTests">
    <skipped/>
  </testcase>
</testsuite>
